<?xml version="1.0" encoding="UTF-8"?>
<testsuite xmlns:xsi="http://www.w3.org/2001/XMLSchema-instance" xsi:noNamespaceSchemaLocation="https://maven.apache.org/surefire/maven-surefire-plugin/xsd/surefire-test-report.xsd" version="3.0.2" name="com.donald.demo.temporaldemoserver.TemporalServerDemonstrationApplicationTests" time="2.661" tests="2" errors="0" skipped="0" failures="0">
  <properties>
    <property name="java.specification.version" value="21"/>
    <property name="sun.jnu.encoding" value="UTF-8"/>
    <property name="java.class.path" value="/Users/donald/stuff/source/applications/temporal-spring-demo/temporal-demo-server/target/test-classes:/Users/donald/stuff/source/applications/temporal-spring-demo/temporal-demo-server/target/classes:/Users/donald/.m2/repository/org/springframework/boot/spring-boot-starter-actuator/3.4.2/spring-boot-starter-actuator-3.4.2.jar:/Users/donald/.m2/repository/org/springframework/boot/spring-boot-starter/3.4.2/spring-boot-starter-3.4.2.jar:/Users/donald/.m2/repository/org/springframework/boot/spring-boot/3.4.2/spring-boot-3.4.2.jar:/Users/donald/.m2/repository/org/springframework/boot/spring-boot-autoconfigure/3.4.2/spring-boot-autoconfigure-3.4.2.jar:/Users/donald/.m2/repository/org/springframework/boot/spring-boot-starter-logging/3.4.2/spring-boot-starter-logging-3.4.2.jar:/Users/donald/.m2/repository/ch/qos/logback/logback-classic/1.5.16/logback-classic-1.5.16.jar:/Users/donald/.m2/repository/ch/qos/logback/logback-core/1.5.16/logback-core-1.5.16.jar:/Users/donald/.m2/repository/org/apache/logging/log4j/log4j-to-slf4j/2.24.3/log4j-to-slf4j-2.24.3.jar:/Users/donald/.m2/repository/org/apache/logging/log4j/log4j-api/2.24.3/log4j-api-2.24.3.jar:/Users/donald/.m2/repository/org/slf4j/jul-to-slf4j/2.0.16/jul-to-slf4j-2.0.16.jar:/Users/donald/.m2/repository/jakarta/annotation/jakarta.annotation-api/2.1.1/jakarta.annotation-api-2.1.1.jar:/Users/donald/.m2/repository/org/yaml/snakeyaml/2.3/snakeyaml-2.3.jar:/Users/donald/.m2/repository/org/springframework/boot/spring-boot-actuator-autoconfigure/3.4.2/spring-boot-actuator-autoconfigure-3.4.2.jar:/Users/donald/.m2/repository/org/springframework/boot/spring-boot-actuator/3.4.2/spring-boot-actuator-3.4.2.jar:/Users/donald/.m2/repository/io/micrometer/micrometer-observation/1.14.3/micrometer-observation-1.14.3.jar:/Users/donald/.m2/repository/io/micrometer/micrometer-commons/1.14.3/micrometer-commons-1.14.3.jar:/Users/donald/.m2/repository/io/micrometer/micrometer-jakarta9/1.14.3/micrometer-jakarta9-1.14.3.jar:/Users/donald/.m2/repository/io/micrometer/micrometer-registry-prometheus/1.14.3/micrometer-registry-prometheus-1.14.3.jar:/Users/donald/.m2/repository/io/micrometer/micrometer-core/1.14.3/micrometer-core-1.14.3.jar:/Users/donald/.m2/repository/org/hdrhistogram/HdrHistogram/2.2.2/HdrHistogram-2.2.2.jar:/Users/donald/.m2/repository/org/latencyutils/LatencyUtils/2.0.3/LatencyUtils-2.0.3.jar:/Users/donald/.m2/repository/io/prometheus/prometheus-metrics-core/1.3.5/prometheus-metrics-core-1.3.5.jar:/Users/donald/.m2/repository/io/prometheus/prometheus-metrics-model/1.3.5/prometheus-metrics-model-1.3.5.jar:/Users/donald/.m2/repository/io/prometheus/prometheus-metrics-config/1.3.5/prometheus-metrics-config-1.3.5.jar:/Users/donald/.m2/repository/io/prometheus/prometheus-metrics-tracer-common/1.3.5/prometheus-metrics-tracer-common-1.3.5.jar:/Users/donald/.m2/repository/io/prometheus/prometheus-metrics-exposition-formats/1.3.5/prometheus-metrics-exposition-formats-1.3.5.jar:/Users/donald/.m2/repository/io/prometheus/prometheus-metrics-exposition-textformats/1.3.5/prometheus-metrics-exposition-textformats-1.3.5.jar:/Users/donald/stuff/source/applications/temporal-spring-demo/temporal-demo-common/target/temporal-demo-common-0.0.1-SNAPSHOT.jar:/Users/donald/.m2/repository/org/springframework/boot/spring-boot-starter-web/3.4.2/spring-boot-starter-web-3.4.2.jar:/Users/donald/.m2/repository/org/springframework/boot/spring-boot-starter-json/3.4.2/spring-boot-starter-json-3.4.2.jar:/Users/donald/.m2/repository/com/fasterxml/jackson/module/jackson-module-parameter-names/2.18.2/jackson-module-parameter-names-2.18.2.jar:/Users/donald/.m2/repository/org/springframework/boot/spring-boot-starter-tomcat/3.4.2/spring-boot-starter-tomcat-3.4.2.jar:/Users/donald/.m2/repository/org/apache/tomcat/embed/tomcat-embed-core/10.1.34/tomcat-embed-core-10.1.34.jar:/Users/donald/.m2/repository/org/apache/tomcat/embed/tomcat-embed-el/10.1.34/tomcat-embed-el-10.1.34.jar:/Users/donald/.m2/repository/org/apache/tomcat/embed/tomcat-embed-websocket/10.1.34/tomcat-embed-websocket-10.1.34.jar:/Users/donald/.m2/repository/org/springframework/spring-web/6.2.2/spring-web-6.2.2.jar:/Users/donald/.m2/repository/org/springframework/spring-webmvc/6.2.2/spring-webmvc-6.2.2.jar:/Users/donald/.m2/repository/org/springframework/spring-aop/6.2.2/spring-aop-6.2.2.jar:/Users/donald/.m2/repository/org/springframework/spring-beans/6.2.2/spring-beans-6.2.2.jar:/Users/donald/.m2/repository/org/springframework/spring-context/6.2.2/spring-context-6.2.2.jar:/Users/donald/.m2/repository/org/springframework/spring-core/6.2.2/spring-core-6.2.2.jar:/Users/donald/.m2/repository/org/springframework/spring-jcl/6.2.2/spring-jcl-6.2.2.jar:/Users/donald/.m2/repository/org/springframework/spring-expression/6.2.2/spring-expression-6.2.2.jar:/Users/donald/.m2/repository/org/projectlombok/lombok/1.18.36/lombok-1.18.36.jar:/Users/donald/.m2/repository/org/springframework/boot/spring-boot-starter-test/3.4.2/spring-boot-starter-test-3.4.2.jar:/Users/donald/.m2/repository/org/springframework/boot/spring-boot-test/3.4.2/spring-boot-test-3.4.2.jar:/Users/donald/.m2/repository/org/springframework/boot/spring-boot-test-autoconfigure/3.4.2/spring-boot-test-autoconfigure-3.4.2.jar:/Users/donald/.m2/repository/com/jayway/jsonpath/json-path/2.9.0/json-path-2.9.0.jar:/Users/donald/.m2/repository/org/slf4j/slf4j-api/2.0.16/slf4j-api-2.0.16.jar:/Users/donald/.m2/repository/jakarta/xml/bind/jakarta.xml.bind-api/4.0.2/jakarta.xml.bind-api-4.0.2.jar:/Users/donald/.m2/repository/jakarta/activation/jakarta.activation-api/2.1.3/jakarta.activation-api-2.1.3.jar:/Users/donald/.m2/repository/net/minidev/json-smart/2.5.1/json-smart-2.5.1.jar:/Users/donald/.m2/repository/net/minidev/accessors-smart/2.5.1/accessors-smart-2.5.1.jar:/Users/donald/.m2/repository/org/ow2/asm/asm/9.6/asm-9.6.jar:/Users/donald/.m2/repository/org/assertj/assertj-core/3.26.3/assertj-core-3.26.3.jar:/Users/donald/.m2/repository/net/bytebuddy/byte-buddy/1.15.11/byte-buddy-1.15.11.jar:/Users/donald/.m2/repository/org/awaitility/awaitility/4.2.2/awaitility-4.2.2.jar:/Users/donald/.m2/repository/org/hamcrest/hamcrest/2.2/hamcrest-2.2.jar:/Users/donald/.m2/repository/org/junit/jupiter/junit-jupiter/5.11.4/junit-jupiter-5.11.4.jar:/Users/donald/.m2/repository/org/junit/jupiter/junit-jupiter-api/5.11.4/junit-jupiter-api-5.11.4.jar:/Users/donald/.m2/repository/org/opentest4j/opentest4j/1.3.0/opentest4j-1.3.0.jar:/Users/donald/.m2/repository/org/junit/platform/junit-platform-commons/1.11.4/junit-platform-commons-1.11.4.jar:/Users/donald/.m2/repository/org/apiguardian/apiguardian-api/1.1.2/apiguardian-api-1.1.2.jar:/Users/donald/.m2/repository/org/junit/jupiter/junit-jupiter-params/5.11.4/junit-jupiter-params-5.11.4.jar:/Users/donald/.m2/repository/org/junit/jupiter/junit-jupiter-engine/5.11.4/junit-jupiter-engine-5.11.4.jar:/Users/donald/.m2/repository/org/junit/platform/junit-platform-engine/1.11.4/junit-platform-engine-1.11.4.jar:/Users/donald/.m2/repository/org/mockito/mockito-core/5.14.2/mockito-core-5.14.2.jar:/Users/donald/.m2/repository/net/bytebuddy/byte-buddy-agent/1.15.11/byte-buddy-agent-1.15.11.jar:/Users/donald/.m2/repository/org/objenesis/objenesis/3.3/objenesis-3.3.jar:/Users/donald/.m2/repository/org/mockito/mockito-junit-jupiter/5.14.2/mockito-junit-jupiter-5.14.2.jar:/Users/donald/.m2/repository/org/skyscreamer/jsonassert/1.5.3/jsonassert-1.5.3.jar:/Users/donald/.m2/repository/com/vaadin/external/google/android-json/0.0.20131108.vaadin1/android-json-0.0.20131108.vaadin1.jar:/Users/donald/.m2/repository/org/springframework/spring-test/6.2.2/spring-test-6.2.2.jar:/Users/donald/.m2/repository/org/xmlunit/xmlunit-core/2.10.0/xmlunit-core-2.10.0.jar:/Users/donald/.m2/repository/io/temporal/temporal-sdk/1.27.0/temporal-sdk-1.27.0.jar:/Users/donald/.m2/repository/io/temporal/temporal-serviceclient/1.27.0/temporal-serviceclient-1.27.0.jar:/Users/donald/.m2/repository/io/grpc/grpc-api/1.54.1/grpc-api-1.54.1.jar:/Users/donald/.m2/repository/io/grpc/grpc-context/1.54.1/grpc-context-1.54.1.jar:/Users/donald/.m2/repository/io/grpc/grpc-stub/1.54.1/grpc-stub-1.54.1.jar:/Users/donald/.m2/repository/io/grpc/grpc-netty-shaded/1.54.1/grpc-netty-shaded-1.54.1.jar:/Users/donald/.m2/repository/io/perfmark/perfmark-api/0.25.0/perfmark-api-0.25.0.jar:/Users/donald/.m2/repository/io/grpc/grpc-core/1.54.1/grpc-core-1.54.1.jar:/Users/donald/.m2/repository/com/google/android/annotations/4.1.1.4/annotations-4.1.1.4.jar:/Users/donald/.m2/repository/org/codehaus/mojo/animal-sniffer-annotations/1.21/animal-sniffer-annotations-1.21.jar:/Users/donald/.m2/repository/io/grpc/grpc-services/1.54.1/grpc-services-1.54.1.jar:/Users/donald/.m2/repository/io/grpc/grpc-protobuf/1.54.1/grpc-protobuf-1.54.1.jar:/Users/donald/.m2/repository/com/google/protobuf/protobuf-java/3.21.7/protobuf-java-3.21.7.jar:/Users/donald/.m2/repository/com/google/api/grpc/proto-google-common-protos/2.9.0/proto-google-common-protos-2.9.0.jar:/Users/donald/.m2/repository/io/grpc/grpc-protobuf-lite/1.54.1/grpc-protobuf-lite-1.54.1.jar:/Users/donald/.m2/repository/com/google/protobuf/protobuf-java-util/3.22.0/protobuf-java-util-3.22.0.jar:/Users/donald/.m2/repository/com/uber/m3/tally-core/0.13.0/tally-core-0.13.0.jar:/Users/donald/.m2/repository/com/google/code/gson/gson/2.11.0/gson-2.11.0.jar:/Users/donald/.m2/repository/com/google/errorprone/error_prone_annotations/2.27.0/error_prone_annotations-2.27.0.jar:/Users/donald/.m2/repository/io/nexusrpc/nexus-sdk/0.3.0-alpha/nexus-sdk-0.3.0-alpha.jar:/Users/donald/.m2/repository/com/fasterxml/jackson/core/jackson-databind/2.18.2/jackson-databind-2.18.2.jar:/Users/donald/.m2/repository/com/fasterxml/jackson/core/jackson-annotations/2.18.2/jackson-annotations-2.18.2.jar:/Users/donald/.m2/repository/com/fasterxml/jackson/core/jackson-core/2.18.2/jackson-core-2.18.2.jar:/Users/donald/.m2/repository/com/google/guava/guava/33.3.1-jre/guava-33.3.1-jre.jar:/Users/donald/.m2/repository/com/google/guava/failureaccess/1.0.2/failureaccess-1.0.2.jar:/Users/donald/.m2/repository/com/google/guava/listenablefuture/9999.0-empty-to-avoid-conflict-with-guava/listenablefuture-9999.0-empty-to-avoid-conflict-with-guava.jar:/Users/donald/.m2/repository/com/google/code/findbugs/jsr305/3.0.2/jsr305-3.0.2.jar:/Users/donald/.m2/repository/org/checkerframework/checker-qual/3.43.0/checker-qual-3.43.0.jar:/Users/donald/.m2/repository/com/google/j2objc/j2objc-annotations/3.0.0/j2objc-annotations-3.0.0.jar:/Users/donald/.m2/repository/com/fasterxml/jackson/datatype/jackson-datatype-jsr310/2.18.2/jackson-datatype-jsr310-2.18.2.jar:/Users/donald/.m2/repository/com/fasterxml/jackson/datatype/jackson-datatype-jdk8/2.18.2/jackson-datatype-jdk8-2.18.2.jar:/Users/donald/.m2/repository/io/temporal/temporal-spring-boot-starter/1.27.0/temporal-spring-boot-starter-1.27.0.jar:/Users/donald/.m2/repository/io/temporal/temporal-spring-boot-autoconfigure/1.27.0/temporal-spring-boot-autoconfigure-1.27.0.jar:/Users/donald/.m2/repository/io/temporal/temporal-opentracing/1.27.0/temporal-opentracing-1.27.0.jar:/Users/donald/.m2/repository/io/opentracing/opentracing-api/0.33.0/opentracing-api-0.33.0.jar:/Users/donald/.m2/repository/io/opentracing/opentracing-util/0.33.0/opentracing-util-0.33.0.jar:/Users/donald/.m2/repository/io/opentelemetry/opentelemetry-api/1.43.0/opentelemetry-api-1.43.0.jar:/Users/donald/.m2/repository/io/opentelemetry/opentelemetry-context/1.43.0/opentelemetry-context-1.43.0.jar:/Users/donald/.m2/repository/io/opentelemetry/opentelemetry-opentracing-shim/1.43.0/opentelemetry-opentracing-shim-1.43.0.jar:/Users/donald/.m2/repository/io/opentracing/opentracing-noop/0.33.0/opentracing-noop-0.33.0.jar:/Users/donald/.m2/repository/io/temporal/temporal-testing/1.27.0/temporal-testing-1.27.0.jar:/Users/donald/.m2/repository/io/temporal/temporal-test-server/1.27.0/temporal-test-server-1.27.0.jar:/Users/donald/.m2/repository/com/cronutils/cron-utils/9.2.1/cron-utils-9.2.1.jar:"/>
    <property name="java.vm.vendor" value="Homebrew"/>
    <property name="sun.arch.data.model" value="64"/>
    <property name="java.vendor.url" value="https://github.com/Homebrew/homebrew-core/issues"/>
    <property name="user.timezone" value="Europe/London"/>
    <property name="os.name" value="Mac OS X"/>
    <property name="java.vm.specification.version" value="21"/>
    <property name="APPLICATION_NAME" value="Temporal Server Demonstration"/>
    <property name="sun.java.launcher" value="SUN_STANDARD"/>
    <property name="user.country" value="GB"/>
    <property name="sun.boot.library.path" value="/opt/homebrew/Cellar/openjdk@21/21.0.5/libexec/openjdk.jdk/Contents/Home/lib"/>
    <property name="sun.java.command" value="/Users/donald/stuff/source/applications/temporal-spring-demo/temporal-demo-server/target/surefire/surefirebooter-20250131165456642_3.jar /Users/donald/stuff/source/applications/temporal-spring-demo/temporal-demo-server/target/surefire 2025-01-31T16-54-55_762-jvmRun1 surefire-20250131165456642_1tmp surefire_0-20250131165456642_2tmp"/>
    <property name="http.nonProxyHosts" value="local|*.local|169.254/16|*.169.254/16"/>
    <property name="jdk.debug" value="release"/>
    <property name="surefire.test.class.path" value="/Users/donald/stuff/source/applications/temporal-spring-demo/temporal-demo-server/target/test-classes:/Users/donald/stuff/source/applications/temporal-spring-demo/temporal-demo-server/target/classes:/Users/donald/.m2/repository/org/springframework/boot/spring-boot-starter-actuator/3.4.2/spring-boot-starter-actuator-3.4.2.jar:/Users/donald/.m2/repository/org/springframework/boot/spring-boot-starter/3.4.2/spring-boot-starter-3.4.2.jar:/Users/donald/.m2/repository/org/springframework/boot/spring-boot/3.4.2/spring-boot-3.4.2.jar:/Users/donald/.m2/repository/org/springframework/boot/spring-boot-autoconfigure/3.4.2/spring-boot-autoconfigure-3.4.2.jar:/Users/donald/.m2/repository/org/springframework/boot/spring-boot-starter-logging/3.4.2/spring-boot-starter-logging-3.4.2.jar:/Users/donald/.m2/repository/ch/qos/logback/logback-classic/1.5.16/logback-classic-1.5.16.jar:/Users/donald/.m2/repository/ch/qos/logback/logback-core/1.5.16/logback-core-1.5.16.jar:/Users/donald/.m2/repository/org/apache/logging/log4j/log4j-to-slf4j/2.24.3/log4j-to-slf4j-2.24.3.jar:/Users/donald/.m2/repository/org/apache/logging/log4j/log4j-api/2.24.3/log4j-api-2.24.3.jar:/Users/donald/.m2/repository/org/slf4j/jul-to-slf4j/2.0.16/jul-to-slf4j-2.0.16.jar:/Users/donald/.m2/repository/jakarta/annotation/jakarta.annotation-api/2.1.1/jakarta.annotation-api-2.1.1.jar:/Users/donald/.m2/repository/org/yaml/snakeyaml/2.3/snakeyaml-2.3.jar:/Users/donald/.m2/repository/org/springframework/boot/spring-boot-actuator-autoconfigure/3.4.2/spring-boot-actuator-autoconfigure-3.4.2.jar:/Users/donald/.m2/repository/org/springframework/boot/spring-boot-actuator/3.4.2/spring-boot-actuator-3.4.2.jar:/Users/donald/.m2/repository/io/micrometer/micrometer-observation/1.14.3/micrometer-observation-1.14.3.jar:/Users/donald/.m2/repository/io/micrometer/micrometer-commons/1.14.3/micrometer-commons-1.14.3.jar:/Users/donald/.m2/repository/io/micrometer/micrometer-jakarta9/1.14.3/micrometer-jakarta9-1.14.3.jar:/Users/donald/.m2/repository/io/micrometer/micrometer-registry-prometheus/1.14.3/micrometer-registry-prometheus-1.14.3.jar:/Users/donald/.m2/repository/io/micrometer/micrometer-core/1.14.3/micrometer-core-1.14.3.jar:/Users/donald/.m2/repository/org/hdrhistogram/HdrHistogram/2.2.2/HdrHistogram-2.2.2.jar:/Users/donald/.m2/repository/org/latencyutils/LatencyUtils/2.0.3/LatencyUtils-2.0.3.jar:/Users/donald/.m2/repository/io/prometheus/prometheus-metrics-core/1.3.5/prometheus-metrics-core-1.3.5.jar:/Users/donald/.m2/repository/io/prometheus/prometheus-metrics-model/1.3.5/prometheus-metrics-model-1.3.5.jar:/Users/donald/.m2/repository/io/prometheus/prometheus-metrics-config/1.3.5/prometheus-metrics-config-1.3.5.jar:/Users/donald/.m2/repository/io/prometheus/prometheus-metrics-tracer-common/1.3.5/prometheus-metrics-tracer-common-1.3.5.jar:/Users/donald/.m2/repository/io/prometheus/prometheus-metrics-exposition-formats/1.3.5/prometheus-metrics-exposition-formats-1.3.5.jar:/Users/donald/.m2/repository/io/prometheus/prometheus-metrics-exposition-textformats/1.3.5/prometheus-metrics-exposition-textformats-1.3.5.jar:/Users/donald/stuff/source/applications/temporal-spring-demo/temporal-demo-common/target/temporal-demo-common-0.0.1-SNAPSHOT.jar:/Users/donald/.m2/repository/org/springframework/boot/spring-boot-starter-web/3.4.2/spring-boot-starter-web-3.4.2.jar:/Users/donald/.m2/repository/org/springframework/boot/spring-boot-starter-json/3.4.2/spring-boot-starter-json-3.4.2.jar:/Users/donald/.m2/repository/com/fasterxml/jackson/module/jackson-module-parameter-names/2.18.2/jackson-module-parameter-names-2.18.2.jar:/Users/donald/.m2/repository/org/springframework/boot/spring-boot-starter-tomcat/3.4.2/spring-boot-starter-tomcat-3.4.2.jar:/Users/donald/.m2/repository/org/apache/tomcat/embed/tomcat-embed-core/10.1.34/tomcat-embed-core-10.1.34.jar:/Users/donald/.m2/repository/org/apache/tomcat/embed/tomcat-embed-el/10.1.34/tomcat-embed-el-10.1.34.jar:/Users/donald/.m2/repository/org/apache/tomcat/embed/tomcat-embed-websocket/10.1.34/tomcat-embed-websocket-10.1.34.jar:/Users/donald/.m2/repository/org/springframework/spring-web/6.2.2/spring-web-6.2.2.jar:/Users/donald/.m2/repository/org/springframework/spring-webmvc/6.2.2/spring-webmvc-6.2.2.jar:/Users/donald/.m2/repository/org/springframework/spring-aop/6.2.2/spring-aop-6.2.2.jar:/Users/donald/.m2/repository/org/springframework/spring-beans/6.2.2/spring-beans-6.2.2.jar:/Users/donald/.m2/repository/org/springframework/spring-context/6.2.2/spring-context-6.2.2.jar:/Users/donald/.m2/repository/org/springframework/spring-core/6.2.2/spring-core-6.2.2.jar:/Users/donald/.m2/repository/org/springframework/spring-jcl/6.2.2/spring-jcl-6.2.2.jar:/Users/donald/.m2/repository/org/springframework/spring-expression/6.2.2/spring-expression-6.2.2.jar:/Users/donald/.m2/repository/org/projectlombok/lombok/1.18.36/lombok-1.18.36.jar:/Users/donald/.m2/repository/org/springframework/boot/spring-boot-starter-test/3.4.2/spring-boot-starter-test-3.4.2.jar:/Users/donald/.m2/repository/org/springframework/boot/spring-boot-test/3.4.2/spring-boot-test-3.4.2.jar:/Users/donald/.m2/repository/org/springframework/boot/spring-boot-test-autoconfigure/3.4.2/spring-boot-test-autoconfigure-3.4.2.jar:/Users/donald/.m2/repository/com/jayway/jsonpath/json-path/2.9.0/json-path-2.9.0.jar:/Users/donald/.m2/repository/org/slf4j/slf4j-api/2.0.16/slf4j-api-2.0.16.jar:/Users/donald/.m2/repository/jakarta/xml/bind/jakarta.xml.bind-api/4.0.2/jakarta.xml.bind-api-4.0.2.jar:/Users/donald/.m2/repository/jakarta/activation/jakarta.activation-api/2.1.3/jakarta.activation-api-2.1.3.jar:/Users/donald/.m2/repository/net/minidev/json-smart/2.5.1/json-smart-2.5.1.jar:/Users/donald/.m2/repository/net/minidev/accessors-smart/2.5.1/accessors-smart-2.5.1.jar:/Users/donald/.m2/repository/org/ow2/asm/asm/9.6/asm-9.6.jar:/Users/donald/.m2/repository/org/assertj/assertj-core/3.26.3/assertj-core-3.26.3.jar:/Users/donald/.m2/repository/net/bytebuddy/byte-buddy/1.15.11/byte-buddy-1.15.11.jar:/Users/donald/.m2/repository/org/awaitility/awaitility/4.2.2/awaitility-4.2.2.jar:/Users/donald/.m2/repository/org/hamcrest/hamcrest/2.2/hamcrest-2.2.jar:/Users/donald/.m2/repository/org/junit/jupiter/junit-jupiter/5.11.4/junit-jupiter-5.11.4.jar:/Users/donald/.m2/repository/org/junit/jupiter/junit-jupiter-api/5.11.4/junit-jupiter-api-5.11.4.jar:/Users/donald/.m2/repository/org/opentest4j/opentest4j/1.3.0/opentest4j-1.3.0.jar:/Users/donald/.m2/repository/org/junit/platform/junit-platform-commons/1.11.4/junit-platform-commons-1.11.4.jar:/Users/donald/.m2/repository/org/apiguardian/apiguardian-api/1.1.2/apiguardian-api-1.1.2.jar:/Users/donald/.m2/repository/org/junit/jupiter/junit-jupiter-params/5.11.4/junit-jupiter-params-5.11.4.jar:/Users/donald/.m2/repository/org/junit/jupiter/junit-jupiter-engine/5.11.4/junit-jupiter-engine-5.11.4.jar:/Users/donald/.m2/repository/org/junit/platform/junit-platform-engine/1.11.4/junit-platform-engine-1.11.4.jar:/Users/donald/.m2/repository/org/mockito/mockito-core/5.14.2/mockito-core-5.14.2.jar:/Users/donald/.m2/repository/net/bytebuddy/byte-buddy-agent/1.15.11/byte-buddy-agent-1.15.11.jar:/Users/donald/.m2/repository/org/objenesis/objenesis/3.3/objenesis-3.3.jar:/Users/donald/.m2/repository/org/mockito/mockito-junit-jupiter/5.14.2/mockito-junit-jupiter-5.14.2.jar:/Users/donald/.m2/repository/org/skyscreamer/jsonassert/1.5.3/jsonassert-1.5.3.jar:/Users/donald/.m2/repository/com/vaadin/external/google/android-json/0.0.20131108.vaadin1/android-json-0.0.20131108.vaadin1.jar:/Users/donald/.m2/repository/org/springframework/spring-test/6.2.2/spring-test-6.2.2.jar:/Users/donald/.m2/repository/org/xmlunit/xmlunit-core/2.10.0/xmlunit-core-2.10.0.jar:/Users/donald/.m2/repository/io/temporal/temporal-sdk/1.27.0/temporal-sdk-1.27.0.jar:/Users/donald/.m2/repository/io/temporal/temporal-serviceclient/1.27.0/temporal-serviceclient-1.27.0.jar:/Users/donald/.m2/repository/io/grpc/grpc-api/1.54.1/grpc-api-1.54.1.jar:/Users/donald/.m2/repository/io/grpc/grpc-context/1.54.1/grpc-context-1.54.1.jar:/Users/donald/.m2/repository/io/grpc/grpc-stub/1.54.1/grpc-stub-1.54.1.jar:/Users/donald/.m2/repository/io/grpc/grpc-netty-shaded/1.54.1/grpc-netty-shaded-1.54.1.jar:/Users/donald/.m2/repository/io/perfmark/perfmark-api/0.25.0/perfmark-api-0.25.0.jar:/Users/donald/.m2/repository/io/grpc/grpc-core/1.54.1/grpc-core-1.54.1.jar:/Users/donald/.m2/repository/com/google/android/annotations/4.1.1.4/annotations-4.1.1.4.jar:/Users/donald/.m2/repository/org/codehaus/mojo/animal-sniffer-annotations/1.21/animal-sniffer-annotations-1.21.jar:/Users/donald/.m2/repository/io/grpc/grpc-services/1.54.1/grpc-services-1.54.1.jar:/Users/donald/.m2/repository/io/grpc/grpc-protobuf/1.54.1/grpc-protobuf-1.54.1.jar:/Users/donald/.m2/repository/com/google/protobuf/protobuf-java/3.21.7/protobuf-java-3.21.7.jar:/Users/donald/.m2/repository/com/google/api/grpc/proto-google-common-protos/2.9.0/proto-google-common-protos-2.9.0.jar:/Users/donald/.m2/repository/io/grpc/grpc-protobuf-lite/1.54.1/grpc-protobuf-lite-1.54.1.jar:/Users/donald/.m2/repository/com/google/protobuf/protobuf-java-util/3.22.0/protobuf-java-util-3.22.0.jar:/Users/donald/.m2/repository/com/uber/m3/tally-core/0.13.0/tally-core-0.13.0.jar:/Users/donald/.m2/repository/com/google/code/gson/gson/2.11.0/gson-2.11.0.jar:/Users/donald/.m2/repository/com/google/errorprone/error_prone_annotations/2.27.0/error_prone_annotations-2.27.0.jar:/Users/donald/.m2/repository/io/nexusrpc/nexus-sdk/0.3.0-alpha/nexus-sdk-0.3.0-alpha.jar:/Users/donald/.m2/repository/com/fasterxml/jackson/core/jackson-databind/2.18.2/jackson-databind-2.18.2.jar:/Users/donald/.m2/repository/com/fasterxml/jackson/core/jackson-annotations/2.18.2/jackson-annotations-2.18.2.jar:/Users/donald/.m2/repository/com/fasterxml/jackson/core/jackson-core/2.18.2/jackson-core-2.18.2.jar:/Users/donald/.m2/repository/com/google/guava/guava/33.3.1-jre/guava-33.3.1-jre.jar:/Users/donald/.m2/repository/com/google/guava/failureaccess/1.0.2/failureaccess-1.0.2.jar:/Users/donald/.m2/repository/com/google/guava/listenablefuture/9999.0-empty-to-avoid-conflict-with-guava/listenablefuture-9999.0-empty-to-avoid-conflict-with-guava.jar:/Users/donald/.m2/repository/com/google/code/findbugs/jsr305/3.0.2/jsr305-3.0.2.jar:/Users/donald/.m2/repository/org/checkerframework/checker-qual/3.43.0/checker-qual-3.43.0.jar:/Users/donald/.m2/repository/com/google/j2objc/j2objc-annotations/3.0.0/j2objc-annotations-3.0.0.jar:/Users/donald/.m2/repository/com/fasterxml/jackson/datatype/jackson-datatype-jsr310/2.18.2/jackson-datatype-jsr310-2.18.2.jar:/Users/donald/.m2/repository/com/fasterxml/jackson/datatype/jackson-datatype-jdk8/2.18.2/jackson-datatype-jdk8-2.18.2.jar:/Users/donald/.m2/repository/io/temporal/temporal-spring-boot-starter/1.27.0/temporal-spring-boot-starter-1.27.0.jar:/Users/donald/.m2/repository/io/temporal/temporal-spring-boot-autoconfigure/1.27.0/temporal-spring-boot-autoconfigure-1.27.0.jar:/Users/donald/.m2/repository/io/temporal/temporal-opentracing/1.27.0/temporal-opentracing-1.27.0.jar:/Users/donald/.m2/repository/io/opentracing/opentracing-api/0.33.0/opentracing-api-0.33.0.jar:/Users/donald/.m2/repository/io/opentracing/opentracing-util/0.33.0/opentracing-util-0.33.0.jar:/Users/donald/.m2/repository/io/opentelemetry/opentelemetry-api/1.43.0/opentelemetry-api-1.43.0.jar:/Users/donald/.m2/repository/io/opentelemetry/opentelemetry-context/1.43.0/opentelemetry-context-1.43.0.jar:/Users/donald/.m2/repository/io/opentelemetry/opentelemetry-opentracing-shim/1.43.0/opentelemetry-opentracing-shim-1.43.0.jar:/Users/donald/.m2/repository/io/opentracing/opentracing-noop/0.33.0/opentracing-noop-0.33.0.jar:/Users/donald/.m2/repository/io/temporal/temporal-testing/1.27.0/temporal-testing-1.27.0.jar:/Users/donald/.m2/repository/io/temporal/temporal-test-server/1.27.0/temporal-test-server-1.27.0.jar:/Users/donald/.m2/repository/com/cronutils/cron-utils/9.2.1/cron-utils-9.2.1.jar:"/>
    <property name="sun.cpu.endian" value="little"/>
    <property name="user.home" value="/Users/donald"/>
    <property name="user.language" value="en"/>
    <property name="java.specification.vendor" value="Oracle Corporation"/>
    <property name="java.version.date" value="2024-10-15"/>
    <property name="java.home" value="/opt/homebrew/Cellar/openjdk@21/21.0.5/libexec/openjdk.jdk/Contents/Home"/>
    <property name="file.separator" value="/"/>
    <property name="basedir" value="/Users/donald/stuff/source/applications/temporal-spring-demo/temporal-demo-server"/>
    <property name="java.vm.compressedOopsMode" value="Zero based"/>
    <property name="line.separator" value="&#10;"/>
    <property name="java.vm.specification.vendor" value="Oracle Corporation"/>
    <property name="java.specification.name" value="Java Platform API Specification"/>
    <property name="FILE_LOG_CHARSET" value="UTF-8"/>
    <property name="java.awt.headless" value="true"/>
    <property name="apple.awt.application.name" value="ForkedBooter"/>
    <property name="surefire.real.class.path" value="/Users/donald/stuff/source/applications/temporal-spring-demo/temporal-demo-server/target/surefire/surefirebooter-20250131165456642_3.jar"/>
    <property name="sun.management.compiler" value="HotSpot 64-Bit Tiered Compilers"/>
    <property name="ftp.nonProxyHosts" value="local|*.local|169.254/16|*.169.254/16"/>
    <property name="java.runtime.version" value="21.0.5"/>
    <property name="user.name" value="donald"/>
    <property name="stdout.encoding" value="UTF-8"/>
    <property name="path.separator" value=":"/>
    <property name="os.version" value="15.1"/>
    <property name="java.runtime.name" value="OpenJDK Runtime Environment"/>
    <property name="file.encoding" value="UTF-8"/>
    <property name="java.vm.name" value="OpenJDK 64-Bit Server VM"/>
    <property name="java.vendor.version" value="Homebrew"/>
    <property name="localRepository" value="/Users/donald/.m2/repository"/>
    <property name="java.vendor.url.bug" value="https://github.com/Homebrew/homebrew-core/issues"/>
    <property name="java.io.tmpdir" value="/var/folders/bp/0r_c6y1s7z71vy104wqdw38m0000gn/T/"/>
    <property name="java.version" value="21.0.5"/>
    <property name="user.dir" value="/Users/donald/stuff/source/applications/temporal-spring-demo/temporal-demo-server"/>
    <property name="os.arch" value="aarch64"/>
    <property name="java.vm.specification.name" value="Java Virtual Machine Specification"/>
    <property name="PID" value="36167"/>
    <property name="CONSOLE_LOG_CHARSET" value="UTF-8"/>
    <property name="native.encoding" value="UTF-8"/>
    <property name="java.library.path" value="/Users/donald/Library/Java/Extensions:/Library/Java/Extensions:/Network/Library/Java/Extensions:/System/Library/Java/Extensions:/usr/lib/java:."/>
    <property name="java.vm.info" value="mixed mode, sharing"/>
    <property name="stderr.encoding" value="UTF-8"/>
    <property name="java.vendor" value="Homebrew"/>
    <property name="java.vm.version" value="21.0.5"/>
    <property name="sun.io.unicode.encoding" value="UnicodeBig"/>
    <property name="socksNonProxyHosts" value="local|*.local|169.254/16|*.169.254/16"/>
    <property name="java.class.version" value="65.0"/>
    <property name="LOGGED_APPLICATION_NAME" value="[Temporal Server Demonstration] "/>
  </properties>
  <testcase name="testHello" classname="com.donald.demo.temporaldemoserver.TemporalServerDemonstrationApplicationTests" time="1.543">
    <system-out><![CDATA[
  .   ____          _            __ _ _
 /\\ / ___'_ __ _ _(_)_ __  __ _ \ \ \ \
( ( )\___ | '_ | '_| | '_ \/ _` | \ \ \ \
 \\/  ___)| |_)| | | | | || (_| |  ) ) ) )
  '  |____| .__|_| |_|_| |_\__, | / / / /
 =========|_|==============|___/=/_/_/_/

 :: Spring Boot ::                (v3.4.2)

16:54:57.158 INFO  - Starting TemporalServerDemonstrationApplicationTests using Java 21.0.5 with PID 36167 (started by donald in /Users/donald/stuff/source/applications/temporal-spring-demo/temporal-demo-server) 
16:54:57.159 DEBUG - Running with Spring Boot v3.4.2, Spring v6.2.2 
16:54:57.159 INFO  - The following 1 profile is active: "test" 
16:54:57.696 INFO  - Created WorkflowServiceStubs for channel: ManagedChannelOrphanWrapper{delegate=ManagedChannelImpl{logId=2, target=directaddress:///8fe57b9a-d49e-401a-b23a-03feed0c065e}} 
16:54:57.697 INFO  - Created TestServiceStubs for channel: ManagedChannelOrphanWrapper{delegate=ManagedChannelImpl{logId=2, target=directaddress:///8fe57b9a-d49e-401a-b23a-03feed0c065e}} 
16:54:57.699 INFO  - Created OperatorServiceStubs for channel: ManagedChannelOrphanWrapper{delegate=ManagedChannelImpl{logId=2, target=directaddress:///8fe57b9a-d49e-401a-b23a-03feed0c065e}} 
16:54:57.837 INFO  - Creating configured worker for a task queue HelloDemoTaskQueue 
16:54:57.845 INFO  - Registering configured workflow class class com.donald.demo.temporaldemoserver.hello.HelloWorkflowImpl on a task queue 'HelloDemoTaskQueue' 
16:54:57.847 INFO  - Registering configured activity bean 'helloActivityImpl' of a class com.donald.demo.temporaldemoserver.hello.HelloActivityImpl class on task queue 'HelloDemoTaskQueue' 
16:54:57.847 INFO  - Creating configured worker for a task queue TransferMoneyDemoTaskQueue 
16:54:57.848 INFO  - Registering configured workflow class class com.donald.demo.temporaldemoserver.transfermoney.TransferMoneyWorkflowImpl on a task queue 'TransferMoneyDemoTaskQueue' 
16:54:57.849 INFO  - Creating configured worker for a task queue TransferMoneyDemoActivityTaskQueue 
16:54:57.849 INFO  - Registering configured activity bean 'accountTransferActivitiesImpl' of a class com.donald.demo.temporaldemoserver.transfermoney.AccountTransferActivitiesImpl class on task queue 'TransferMoneyDemoActivityTaskQueue' 
16:54:57.849 INFO  - Creating configured worker for a task queue ManageNamespaceTaskQueue 
16:54:57.849 INFO  - Registering configured workflow class class com.donald.demo.temporaldemoserver.namespace.workflows.ManageNamespaceImpl on a task queue 'ManageNamespaceTaskQueue' 
16:54:57.850 INFO  - Registering configured workflow class class com.donald.demo.temporaldemoserver.namespace.workflows.DeleteNamespaceImpl on a task queue 'ManageNamespaceTaskQueue' 
16:54:57.850 INFO  - Registering configured workflow class class com.donald.demo.temporaldemoserver.namespace.workflows.ScheduleNamesapceCertRotationImpl on a task queue 'ManageNamespaceTaskQueue' 
16:54:57.850 INFO  - Creating configured worker for a task queue ManageNamespaceActivityTaskQueue 
16:54:57.850 INFO  - Registering configured activity bean 'certificateManagementImpl' of a class com.donald.demo.temporaldemoserver.namespace.activities.CertificateManagementImpl class on task queue 'ManageNamespaceActivityTaskQueue' 
16:54:57.851 INFO  - Registering configured activity bean 'namespaceManagementImpl' of a class com.donald.demo.temporaldemoserver.namespace.activities.NamespaceManagementImpl class on task queue 'ManageNamespaceActivityTaskQueue' 
16:54:57.860 INFO  - Skip registering of auto-discovered workflow class class com.donald.demo.temporaldemoserver.hello.HelloWorkflowImpl on a worker with a task queue 'HelloDemoTaskQueue' as workflow type 'HelloWorkflow' is already registered on the worker 
16:54:57.861 INFO  - Skip registering of auto-discovered workflow class class com.donald.demo.temporaldemoserver.transfermoney.TransferMoneyWorkflowImpl on a worker with a task queue 'TransferMoneyDemoTaskQueue' as workflow type 'TransferMoneyWorkflow' is already registered on the worker 
16:54:57.861 INFO  - Skipping auto-discovered activity bean 'helloActivityImpl' of class class com.donald.demo.temporaldemoserver.hello.HelloActivityImpl on a worker  with a task queue 'HelloDemoTaskQueue' as activity type 'Hello' is already registered on the worker 
16:54:57.917 INFO  - Exposing 0 endpoints beneath base path '/actuator' 
16:54:57.941 INFO  - Started TemporalServerDemonstrationApplicationTests in 0.884 seconds (process running for 1.234) 
16:54:57.994 INFO  - start: Poller{name=Workflow Poller taskQueue="ManageNamespaceTaskQueue", namespace="donald-demo.sdvdw", identity=36167@tannoch.local} 
16:54:57.996 INFO  - start: Poller{name=Activity Poller taskQueue="ManageNamespaceActivityTaskQueue", namespace="donald-demo.sdvdw", identity=36167@tannoch.local} 
16:54:57.999 INFO  - start: Poller{name=Workflow Poller taskQueue="HelloDemoTaskQueue", namespace="donald-demo.sdvdw", identity=36167@tannoch.local} 
16:54:58.002 INFO  - start: Poller{name=Activity Poller taskQueue="HelloDemoTaskQueue", namespace="donald-demo.sdvdw", identity=36167@tannoch.local} 
16:54:58.003 INFO  - start: Poller{name=Workflow Poller taskQueue="TransferMoneyDemoTaskQueue", namespace="donald-demo.sdvdw", identity=36167@tannoch.local} 
16:54:58.003 INFO  - start: Poller{name=Activity Poller taskQueue="TransferMoneyDemoActivityTaskQueue", namespace="donald-demo.sdvdw", identity=36167@tannoch.local} 
16:54:58.510 INFO  - Donald Forbes 
16:54:58.511 INFO  - The workflow scheduled time is [null] 
]]></system-out>
    <system-err><![CDATA[Mockito is currently self-attaching to enable the inline-mock-maker. This will no longer work in future releases of the JDK. Please add Mockito as an agent to your build what is described in Mockito's documentation: https://javadoc.io/doc/org.mockito/mockito-core/latest/org/mockito/Mockito.html#0.3
WARNING: A Java agent has been loaded dynamically (/Users/donald/.m2/repository/net/bytebuddy/byte-buddy-agent/1.15.11/byte-buddy-agent-1.15.11.jar)
WARNING: If a serviceability tool is in use, please run with -XX:+EnableDynamicAgentLoading to hide this warning
WARNING: If a serviceability tool is not in use, please run with -Djdk.instrument.traceUsage for more information
WARNING: Dynamic loading of agents will be disallowed by default in a future release
]]></system-err>
  </testcase>
  <testcase name="contextLoads" classname="com.donald.demo.temporaldemoserver.TemporalServerDemonstrationApplicationTests" time="0.002"/>
</testsuite>